<?xml version="1.0" encoding="UTF-8"?>
<robot generator="Robot 6.1.1 (Python 3.8.5 on win32)" generated="20231105 16:59:21.372" rpa="false" schemaversion="4">
<suite id="s1" name="Crm" source="">
<test id="s1-t1" name="Should be able to add new customer" line="17">
<kw name="Begin Web Test" library="CommonApp" type="SETUP">
<kw name="Log" library="BuiltIn">
<arg>Starting the test case!</arg>
<doc>Logs the given message with the given level.</doc>
<msg timestamp="20231105 16:59:21.619" level="INFO">Starting the test case!</msg>
<status status="PASS" starttime="20231105 16:59:21.619" endtime="20231105 16:59:21.619"/>
</kw>
<kw name="Set Selenium Speed" library="SeleniumLibrary">
<arg>0.5s</arg>
<doc>Sets the delay that is waited after each Selenium command.</doc>
<status status="PASS" starttime="20231105 16:59:21.619" endtime="20231105 16:59:21.620"/>
</kw>
<kw name="Open Browser" library="SeleniumLibrary">
<arg>about:blank</arg>
<arg>${BROWSER}</arg>
<doc>Opens a new browser instance to the optional ``url``.</doc>
<msg timestamp="20231105 16:59:21.620" level="INFO">Opening browser 'chrome' to base url 'about:blank'.</msg>
<status status="PASS" starttime="20231105 16:59:21.620" endtime="20231105 16:59:23.440"/>
</kw>
<status status="PASS" starttime="20231105 16:59:21.619" endtime="20231105 16:59:23.440"/>
</kw>
<kw name="Load Home Page" library="CrmApp">
<kw name="Load" library="LandingPage">
<kw name="Go To" library="SeleniumLibrary">
<arg>${START_URL}</arg>
<doc>Navigates the current browser window to the provided ``url``.</doc>
<msg timestamp="20231105 16:59:23.442" level="INFO">Opening url 'https://automationplayground.com/crm/'</msg>
<status status="PASS" starttime="20231105 16:59:23.441" endtime="20231105 17:00:04.175"/>
</kw>
<status status="PASS" starttime="20231105 16:59:23.441" endtime="20231105 17:00:04.175"/>
</kw>
<kw name="Verify Page Loaded" library="LandingPage">
<kw name="Wait Until Page Contains" library="SeleniumLibrary">
<arg>Customers Are Priority One!</arg>
<doc>Waits until ``text`` appears on the current page.</doc>
<status status="PASS" starttime="20231105 17:00:04.175" endtime="20231105 17:00:04.689"/>
</kw>
<status status="PASS" starttime="20231105 17:00:04.175" endtime="20231105 17:00:04.689"/>
</kw>
<status status="PASS" starttime="20231105 16:59:23.440" endtime="20231105 17:00:04.689"/>
</kw>
<kw name="Login" library="CrmApp">
<kw name="Click On Login Page" library="LandingPage">
<kw name="Click Link" library="SeleniumLibrary">
<arg>login.html</arg>
<doc>Clicks a link identified by ``locator``.</doc>
<msg timestamp="20231105 17:00:04.691" level="INFO">Clicking link 'login.html'.</msg>
<status status="PASS" starttime="20231105 17:00:04.691" endtime="20231105 17:00:06.390"/>
</kw>
<status status="PASS" starttime="20231105 17:00:04.690" endtime="20231105 17:00:06.391"/>
</kw>
<kw name="Verify Login Page Loaded" library="LandingPage">
<kw name="Wait Until Page Contains" library="SeleniumLibrary">
<arg>Login</arg>
<doc>Waits until ``text`` appears on the current page.</doc>
<status status="PASS" starttime="20231105 17:00:06.392" endtime="20231105 17:00:06.933"/>
</kw>
<status status="PASS" starttime="20231105 17:00:06.391" endtime="20231105 17:00:06.933"/>
</kw>
<kw name="Input Email" library="LoginPage">
<kw name="Input Text" library="SeleniumLibrary">
<arg>id=email-id</arg>
<arg>${VALID_LOGIN_EMAIL}</arg>
<doc>Types the given ``text`` into the text field identified by ``locator``.</doc>
<msg timestamp="20231105 17:00:06.934" level="INFO">Typing text 'admin@robotframeworktutorial.com' into text field 'id=email-id'.</msg>
<status status="PASS" starttime="20231105 17:00:06.933" endtime="20231105 17:00:08.539"/>
</kw>
<status status="PASS" starttime="20231105 17:00:06.933" endtime="20231105 17:00:08.539"/>
</kw>
<kw name="Input Password" library="LoginPage">
<kw name="Input Text" library="SeleniumLibrary">
<arg>id=password</arg>
<arg>${VALID_LOGIN_PASSWORD}</arg>
<doc>Types the given ``text`` into the text field identified by ``locator``.</doc>
<msg timestamp="20231105 17:00:08.540" level="INFO">Typing text 'admin' into text field 'id=password'.</msg>
<status status="PASS" starttime="20231105 17:00:08.539" endtime="20231105 17:00:10.135"/>
</kw>
<status status="PASS" starttime="20231105 17:00:08.539" endtime="20231105 17:00:10.135"/>
</kw>
<kw name="Click On Submit Button" library="LoginPage">
<kw name="Click Button" library="SeleniumLibrary">
<arg>id=submit-id</arg>
<doc>Clicks the button identified by ``locator``.</doc>
<msg timestamp="20231105 17:00:10.136" level="INFO">Clicking button 'id=submit-id'.</msg>
<status status="PASS" starttime="20231105 17:00:10.135" endtime="20231105 17:00:12.854"/>
</kw>
<status status="PASS" starttime="20231105 17:00:10.135" endtime="20231105 17:00:12.854"/>
</kw>
<kw name="Verify Customers Page Loaded" library="LoginPage">
<kw name="Wait Until Page Contains" library="SeleniumLibrary">
<arg>Our Happy Customers</arg>
<doc>Waits until ``text`` appears on the current page.</doc>
<status status="PASS" starttime="20231105 17:00:12.855" endtime="20231105 17:00:13.367"/>
</kw>
<status status="PASS" starttime="20231105 17:00:12.854" endtime="20231105 17:00:13.367"/>
</kw>
<status status="PASS" starttime="20231105 17:00:04.690" endtime="20231105 17:00:13.367"/>
</kw>
<kw name="Add New Customer" library="CrmApp">
<kw name="Click On New Customers Button" library="AddCustomers">
<kw name="Click Element" library="SeleniumLibrary">
<arg>id=new-customer</arg>
<doc>Click the element identified by ``locator``.</doc>
<msg timestamp="20231105 17:00:13.368" level="INFO">Clicking element 'id=new-customer'.</msg>
<status status="PASS" starttime="20231105 17:00:13.368" endtime="20231105 17:00:14.605"/>
</kw>
<status status="PASS" starttime="20231105 17:00:13.368" endtime="20231105 17:00:14.605"/>
</kw>
<kw name="Verify Add Customer Page Loaded" library="AddCustomers">
<kw name="Page Should Contain" library="SeleniumLibrary">
<arg>Add Customer</arg>
<doc>Verifies that current page contains ``text``.</doc>
<msg timestamp="20231105 17:00:15.624" level="INFO">Current page contains text 'Add Customer'.</msg>
<status status="PASS" starttime="20231105 17:00:14.605" endtime="20231105 17:00:15.624"/>
</kw>
<status status="PASS" starttime="20231105 17:00:14.605" endtime="20231105 17:00:15.624"/>
</kw>
<kw name="Input Customer Info" library="AddCustomers">
<kw name="Input Customer Email" library="AddCustomers">
<kw name="Input Text" library="SeleniumLibrary">
<arg>id=EmailAddress</arg>
<arg>janedoe@gmail.com</arg>
<doc>Types the given ``text`` into the text field identified by ``locator``.</doc>
<msg timestamp="20231105 17:00:15.625" level="INFO">Typing text 'janedoe@gmail.com' into text field 'id=EmailAddress'.</msg>
<status status="PASS" starttime="20231105 17:00:15.625" endtime="20231105 17:00:17.199"/>
</kw>
<status status="PASS" starttime="20231105 17:00:15.624" endtime="20231105 17:00:17.199"/>
</kw>
<kw name="Input Customer Name" library="AddCustomers">
<kw name="Input Text" library="SeleniumLibrary">
<arg>id=FirstName</arg>
<arg>Jane</arg>
<doc>Types the given ``text`` into the text field identified by ``locator``.</doc>
<msg timestamp="20231105 17:00:17.201" level="INFO">Typing text 'Jane' into text field 'id=FirstName'.</msg>
<status status="PASS" starttime="20231105 17:00:17.200" endtime="20231105 17:00:18.819"/>
</kw>
<kw name="Input Text" library="SeleniumLibrary">
<arg>id=LastName</arg>
<arg>Doe</arg>
<doc>Types the given ``text`` into the text field identified by ``locator``.</doc>
<msg timestamp="20231105 17:00:18.819" level="INFO">Typing text 'Doe' into text field 'id=LastName'.</msg>
<status status="PASS" starttime="20231105 17:00:18.819" endtime="20231105 17:00:20.419"/>
</kw>
<status status="PASS" starttime="20231105 17:00:17.199" endtime="20231105 17:00:20.419"/>
</kw>
<kw name="Input Customer City And State" library="AddCustomers">
<kw name="Input Text" library="SeleniumLibrary">
<arg>id=City</arg>
<arg>San Diego</arg>
<doc>Types the given ``text`` into the text field identified by ``locator``.</doc>
<msg timestamp="20231105 17:00:20.420" level="INFO">Typing text 'San Diego' into text field 'id=City'.</msg>
<status status="PASS" starttime="20231105 17:00:20.419" endtime="20231105 17:00:22.004"/>
</kw>
<kw name="Select From List By Value" library="SeleniumLibrary">
<arg>id=StateOrRegion</arg>
<arg>CA</arg>
<doc>Selects options from selection list ``locator`` by ``values``.</doc>
<msg timestamp="20231105 17:00:22.005" level="INFO">Selecting options from selection list 'id=StateOrRegion' by value CA.</msg>
<status status="PASS" starttime="20231105 17:00:22.004" endtime="20231105 17:00:26.106"/>
</kw>
<status status="PASS" starttime="20231105 17:00:20.419" endtime="20231105 17:00:26.106"/>
</kw>
<kw name="Input Customer Gender" library="AddCustomers">
<kw name="Select Radio Button" library="SeleniumLibrary">
<arg>gender</arg>
<arg>female</arg>
<doc>Sets the radio button group ``group_name`` to ``value``.</doc>
<msg timestamp="20231105 17:00:26.106" level="INFO">Selecting 'female' from radio button 'gender'.</msg>
<status status="PASS" starttime="20231105 17:00:26.106" endtime="20231105 17:00:27.682"/>
</kw>
<status status="PASS" starttime="20231105 17:00:26.106" endtime="20231105 17:00:27.682"/>
</kw>
<kw name="Check Promotional List" library="AddCustomers">
<kw name="Select Checkbox" library="SeleniumLibrary">
<arg>name=promos-name</arg>
<doc>Selects the checkbox identified by ``locator``.</doc>
<msg timestamp="20231105 17:00:27.683" level="INFO">Selecting checkbox 'name=promos-name'.</msg>
<status status="PASS" starttime="20231105 17:00:27.682" endtime="20231105 17:00:30.262"/>
</kw>
<status status="PASS" starttime="20231105 17:00:27.682" endtime="20231105 17:00:30.262"/>
</kw>
<status status="PASS" starttime="20231105 17:00:15.624" endtime="20231105 17:00:30.262"/>
</kw>
<kw name="Click Submit" library="AddCustomers">
<kw name="Click Button" library="SeleniumLibrary">
<arg>Submit</arg>
<doc>Clicks the button identified by ``locator``.</doc>
<msg timestamp="20231105 17:00:30.264" level="INFO">Clicking button 'Submit'.</msg>
<status status="PASS" starttime="20231105 17:00:30.263" endtime="20231105 17:00:32.413"/>
</kw>
<status status="PASS" starttime="20231105 17:00:30.263" endtime="20231105 17:00:32.414"/>
</kw>
<kw name="Verify Customer Succesfully Added" library="AddCustomers">
<kw name="Wait Until Page Contains" library="SeleniumLibrary">
<arg>Success! New customer added.</arg>
<doc>Waits until ``text`` appears on the current page.</doc>
<status status="PASS" starttime="20231105 17:00:32.415" endtime="20231105 17:00:32.934"/>
</kw>
<status status="PASS" starttime="20231105 17:00:32.414" endtime="20231105 17:00:32.934"/>
</kw>
<status status="PASS" starttime="20231105 17:00:13.367" endtime="20231105 17:00:32.934"/>
</kw>
<kw name="Sleep" library="BuiltIn">
<arg>3s</arg>
<doc>Pauses the test executed for the given time.</doc>
<msg timestamp="20231105 17:00:35.946" level="INFO">Slept 3 seconds</msg>
<status status="PASS" starttime="20231105 17:00:32.935" endtime="20231105 17:00:35.946"/>
</kw>
<kw name="End Web Test" library="CommonApp" type="TEARDOWN">
<kw name="Close All Browsers" library="SeleniumLibrary">
<doc>Closes all open browsers and resets the browser cache.</doc>
<status status="PASS" starttime="20231105 17:00:35.947" endtime="20231105 17:00:38.499"/>
</kw>
<status status="PASS" starttime="20231105 17:00:35.947" endtime="20231105 17:00:38.499"/>
</kw>
<doc>This is some basic info about the TEST</doc>
<tag>1006</tag>
<tag>Contacts</tag>
<tag>Smoke</tag>
<status status="PASS" starttime="20231105 16:59:21.618" endtime="20231105 17:00:38.499"/>
</test>
<doc>This is some basic info about a whole SUITE</doc>
<status status="PASS" starttime="20231105 16:59:21.374" endtime="20231105 17:00:38.501"/>
</suite>
<statistics>
<total>
<stat pass="1" fail="0" skip="0">All Tests</stat>
</total>
<tag>
<stat pass="1" fail="0" skip="0">1006</stat>
<stat pass="1" fail="0" skip="0">Contacts</stat>
<stat pass="1" fail="0" skip="0">Smoke</stat>
</tag>
<suite>
<stat pass="1" fail="0" skip="0" id="s1" name="Crm">Crm</stat>
</suite>
</statistics>
<errors>
</errors>
</robot>
